<?xml version="1.0" encoding="UTF-8"?>
<robot generator="Robot 7.3.2 (Python 3.13.0 on win32)" generated="2026-04-22T10:58:16.669141" rpa="false" schemaversion="5">
<suite id="s1" name="Robotframework-Orangehrm-Tests" source="C:\Users\LR Technologies\robotframework-orangehrm-tests\robotframework-orangehrm-tests">
<suite id="s1-s1" name="Test Login" source="C:\Users\LR Technologies\robotframework-orangehrm-tests\robotframework-orangehrm-tests\test_login.robot">
<test id="s1-s1-t1" name="Login Test" line="2">
<kw name="Open Browser">
<msg time="2026-04-22T10:58:16.703233" level="FAIL">No keyword with name 'Open Browser' found.</msg>
<arg>https://opensource-demo.orangehrmlive.com/</arg>
<arg>chrome</arg>
<status status="FAIL" start="2026-04-22T10:58:16.703186" elapsed="0.000095">No keyword with name 'Open Browser' found.</status>
</kw>
<kw name="Maximize Browser Window">
<status status="NOT RUN" start="2026-04-22T10:58:16.703587" elapsed="0.000023"/>
</kw>
<kw name="Wait Until Element Is Visible">
<arg>xpath=//input[@name='username']</arg>
<arg>10s</arg>
<status status="NOT RUN" start="2026-04-22T10:58:16.703871" elapsed="0.000018"/>
</kw>
<kw name="Input Text">
<arg>xpath=//input[@name='username']</arg>
<arg>Admin</arg>
<status status="NOT RUN" start="2026-04-22T10:58:16.704117" elapsed="0.000017"/>
</kw>
<kw name="Input Text">
<arg>xpath=//input[@name='password']</arg>
<arg>admin123</arg>
<status status="NOT RUN" start="2026-04-22T10:58:16.704373" elapsed="0.000018"/>
</kw>
<kw name="Click Button">
<arg>xpath=//button[@type='submit']</arg>
<status status="NOT RUN" start="2026-04-22T10:58:16.704628" elapsed="0.000017"/>
</kw>
<status status="FAIL" start="2026-04-22T10:58:16.702008" elapsed="0.002902">No keyword with name 'Open Browser' found.</status>
</test>
<status status="FAIL" start="2026-04-22T10:58:16.700319" elapsed="0.005750"/>
</suite>
<status status="FAIL" start="2026-04-22T10:58:16.671567" elapsed="0.035389"/>
</suite>
<statistics>
<total>
<stat pass="0" fail="1" skip="0">All Tests</stat>
</total>
<tag>
</tag>
<suite>
<stat name="Robotframework-Orangehrm-Tests" id="s1" pass="0" fail="1" skip="0">Robotframework-Orangehrm-Tests</stat>
<stat name="Test Login" id="s1-s1" pass="0" fail="1" skip="0">Robotframework-Orangehrm-Tests.Test Login</stat>
</suite>
</statistics>
<errors>
</errors>
</robot>
